<?xml version="1.0" encoding="UTF-8"?>
<testng-results ignored="0" total="1" passed="1" failed="0" skipped="0">
  <reporter-output>
  </reporter-output>
  <suite started-at="2021-06-09T02:09:54 IST" name="Default suite" finished-at="2021-06-09T02:10:31 IST" duration-ms="37393">
    <groups>
    </groups>
    <test started-at="2021-06-09T02:09:54 IST" name="Default test" finished-at="2021-06-09T02:10:31 IST" duration-ms="37393">
      <class name="com.cyient.test.FindACrusisesTest">
        <test-method is-config="true" signature="get()[pri:0, instance:com.cyient.test.FindACrusisesTest@1ffe63b9]" started-at="2021-06-09T02:09:54 IST" name="get" finished-at="2021-06-09T02:10:16 IST" duration-ms="22439" status="PASS">
          <reporter-output>
          </reporter-output>
        </test-method> <!-- get -->
        <test-method signature="invalidCredentialTest()[pri:0, instance:com.cyient.test.FindACrusisesTest@1ffe63b9]" started-at="2021-06-09T02:10:16 IST" name="invalidCredentialTest" finished-at="2021-06-09T02:10:30 IST" duration-ms="13828" status="PASS">
          <reporter-output>
          </reporter-output>
        </test-method> <!-- invalidCredentialTest -->
        <test-method is-config="true" signature="teardown()[pri:0, instance:com.cyient.test.FindACrusisesTest@1ffe63b9]" started-at="2021-06-09T02:10:30 IST" name="teardown" finished-at="2021-06-09T02:10:31 IST" duration-ms="1021" status="PASS">
          <reporter-output>
          </reporter-output>
        </test-method> <!-- teardown -->
      </class> <!-- com.cyient.test.FindACrusisesTest -->
    </test> <!-- Default test -->
  </suite> <!-- Default suite -->
</testng-results>
